This file contains any messages produced by compilers while
running configure, to aid debugging if configure makes a mistake.

It was created by tokyocabinet-lua configure 1.8, which was
generated by GNU Autoconf 2.61.  Invocation command line was

  $ ./configure 

## --------- ##
## Platform. ##
## --------- ##

hostname = StevesLaptop-7.local
uname -m = i386
uname -r = 10.2.0
uname -s = Darwin
uname -v = Darwin Kernel Version 10.2.0: Tue Nov  3 10:37:10 PST 2009; root:xnu-1486.2.11~1/RELEASE_I386

/usr/bin/uname -p = i386
/bin/uname -X     = unknown

/bin/arch              = unknown
/usr/bin/arch -k       = unknown
/usr/convex/getsysinfo = unknown
/usr/bin/hostinfo      = Mach kernel version:
	 Darwin Kernel Version 10.2.0: Tue Nov  3 10:37:10 PST 2009; root:xnu-1486.2.11~1/RELEASE_I386
Kernel configured for up to 2 processors.
2 processors are physically available.
2 processors are logically available.
Processor type: i486 (Intel 80486)
Processors active: 0 1
Primary memory available: 2.00 gigabytes
Default processor set: 80 tasks, 347 threads, 2 processors
Load average: 0.89, Mach factor: 1.40
/bin/machine           = unknown
/usr/bin/oslevel       = unknown
/bin/universe          = unknown

PATH: /bin
PATH: /usr/bin
PATH: /usr/local/bin
PATH: /opt/local/bin
PATH: /opt/local/sbin
PATH: /bin
PATH: /usr/bin
PATH: /usr/local/bin
PATH: /opt/local/bin
PATH: /opt/local/sbin
PATH: /opt/local/bin
PATH: /opt/local/sbin
PATH: /opt/local/bin
PATH: /opt/local/sbin
PATH: /bin
PATH: /usr/bin
PATH: /usr/local/bin
PATH: /opt/local/bin
PATH: /opt/local/sbin
PATH: /usr/bin
PATH: /bin
PATH: /usr/sbin
PATH: /sbin
PATH: /usr/local/bin
PATH: /usr/X11/bin


## ----------- ##
## Core tests. ##
## ----------- ##

configure:1804: checking for gcc
configure:1820: found /usr/bin/gcc
configure:1831: result: gcc
configure:2069: checking for C compiler version
configure:2076: gcc --version >&5
i686-apple-darwin10-gcc-4.2.1 (GCC) 4.2.1 (Apple Inc. build 5646) (dot 1)
Copyright (C) 2007 Free Software Foundation, Inc.
This is free software; see the source for copying conditions.  There is NO
warranty; not even for MERCHANTABILITY or FITNESS FOR A PARTICULAR PURPOSE.

configure:2079: $? = 0
configure:2086: gcc -v >&5
Using built-in specs.
Target: i686-apple-darwin10
Configured with: /var/tmp/gcc/gcc-5646.1~2/src/configure --disable-checking --enable-werror --prefix=/usr --mandir=/share/man --enable-languages=c,objc,c++,obj-c++ --program-transform-name=/^[cg][^.-]*$/s/$/-4.2/ --with-slibdir=/usr/lib --build=i686-apple-darwin10 --with-gxx-include-dir=/include/c++/4.2.1 --program-prefix=i686-apple-darwin10- --host=x86_64-apple-darwin10 --target=i686-apple-darwin10
Thread model: posix
gcc version 4.2.1 (Apple Inc. build 5646) (dot 1)
configure:2089: $? = 0
configure:2096: gcc -V >&5
gcc-4.2: argument to `-V' is missing
configure:2099: $? = 1
configure:2122: checking for C compiler default output file name
configure:2149: gcc    conftest.c  >&5
configure:2152: $? = 0
configure:2190: result: a.out
configure:2207: checking whether the C compiler works
configure:2217: ./a.out
configure:2220: $? = 0
configure:2237: result: yes
configure:2244: checking whether we are cross compiling
configure:2246: result: no
configure:2249: checking for suffix of executables
configure:2256: gcc -o conftest    conftest.c  >&5
configure:2259: $? = 0
configure:2283: result: 
configure:2289: checking for suffix of object files
configure:2315: gcc -c   conftest.c >&5
configure:2318: $? = 0
configure:2341: result: o
configure:2345: checking whether we are using the GNU C compiler
configure:2374: gcc -c   conftest.c >&5
configure:2380: $? = 0
configure:2397: result: yes
configure:2402: checking whether gcc accepts -g
configure:2432: gcc -c -g  conftest.c >&5
configure:2438: $? = 0
configure:2537: result: yes
configure:2554: checking for gcc option to accept ISO C89
configure:2628: gcc  -c -g -O2  conftest.c >&5
configure:2634: $? = 0
configure:2657: result: none needed
configure:2679: checking for main in -lc
configure:2708: gcc -o conftest -g -O2   conftest.c -lc   >&5
configure:2714: $? = 0
configure:2732: result: yes
configure:2744: checking for main in -lm
configure:2773: gcc -o conftest -g -O2   conftest.c -lm  -lc  >&5
configure:2779: $? = 0
configure:2797: result: yes
configure:2809: checking for main in -lpthread
configure:2838: gcc -o conftest -g -O2   conftest.c -lpthread  -lm -lc  >&5
configure:2844: $? = 0
configure:2862: result: yes
configure:2874: checking for main in -lz
configure:2903: gcc -o conftest -g -O2   conftest.c -lz  -lpthread -lm -lc  >&5
configure:2909: $? = 0
configure:2927: result: yes
configure:2939: checking for main in -lbz2
configure:2968: gcc -o conftest -g -O2   conftest.c -lbz2  -lz -lpthread -lm -lc  >&5
configure:2974: $? = 0
configure:2992: result: yes
configure:3004: checking for main in -ltokyocabinet
configure:3033: gcc -o conftest -g -O2   conftest.c -ltokyocabinet  -lbz2 -lz -lpthread -lm -lc  >&5
configure:3039: $? = 0
configure:3057: result: yes
configure:3075: checking how to run the C preprocessor
configure:3115: gcc -E  conftest.c
configure:3121: $? = 0
configure:3152: gcc -E  conftest.c
conftest.c:14:28: error: ac_nonexistent.h: No such file or directory
configure:3158: $? = 1
configure: failed program was:
| /* confdefs.h.  */
| #define PACKAGE_NAME "tokyocabinet-lua"
| #define PACKAGE_TARNAME "tokyocabinet-lua"
| #define PACKAGE_VERSION "1.8"
| #define PACKAGE_STRING "tokyocabinet-lua 1.8"
| #define PACKAGE_BUGREPORT ""
| #define HAVE_LIBC 1
| #define HAVE_LIBM 1
| #define HAVE_LIBPTHREAD 1
| #define HAVE_LIBZ 1
| #define HAVE_LIBBZ2 1
| #define HAVE_LIBTOKYOCABINET 1
| /* end confdefs.h.  */
| #include <ac_nonexistent.h>
configure:3191: result: gcc -E
configure:3220: gcc -E  conftest.c
configure:3226: $? = 0
configure:3257: gcc -E  conftest.c
conftest.c:14:28: error: ac_nonexistent.h: No such file or directory
configure:3263: $? = 1
configure: failed program was:
| /* confdefs.h.  */
| #define PACKAGE_NAME "tokyocabinet-lua"
| #define PACKAGE_TARNAME "tokyocabinet-lua"
| #define PACKAGE_VERSION "1.8"
| #define PACKAGE_STRING "tokyocabinet-lua 1.8"
| #define PACKAGE_BUGREPORT ""
| #define HAVE_LIBC 1
| #define HAVE_LIBM 1
| #define HAVE_LIBPTHREAD 1
| #define HAVE_LIBZ 1
| #define HAVE_LIBBZ2 1
| #define HAVE_LIBTOKYOCABINET 1
| /* end confdefs.h.  */
| #include <ac_nonexistent.h>
configure:3301: checking for grep that handles long lines and -e
configure:3375: result: /usr/bin/grep
configure:3380: checking for egrep
configure:3458: result: /usr/bin/grep -E
configure:3463: checking for ANSI C header files
configure:3493: gcc -c -g -O2  conftest.c >&5
configure:3499: $? = 0
configure:3598: gcc -o conftest -g -O2   conftest.c -ltokyocabinet -lbz2 -lz -lpthread -lm -lc  >&5
configure:3601: $? = 0
configure:3607: ./conftest
configure:3610: $? = 0
configure:3627: result: yes
configure:3651: checking for sys/types.h
configure:3672: gcc -c -g -O2  conftest.c >&5
configure:3678: $? = 0
configure:3694: result: yes
configure:3651: checking for sys/stat.h
configure:3672: gcc -c -g -O2  conftest.c >&5
configure:3678: $? = 0
configure:3694: result: yes
configure:3651: checking for stdlib.h
configure:3672: gcc -c -g -O2  conftest.c >&5
configure:3678: $? = 0
configure:3694: result: yes
configure:3651: checking for string.h
configure:3672: gcc -c -g -O2  conftest.c >&5
configure:3678: $? = 0
configure:3694: result: yes
configure:3651: checking for memory.h
configure:3672: gcc -c -g -O2  conftest.c >&5
configure:3678: $? = 0
configure:3694: result: yes
configure:3651: checking for strings.h
configure:3672: gcc -c -g -O2  conftest.c >&5
configure:3678: $? = 0
configure:3694: result: yes
configure:3651: checking for inttypes.h
configure:3672: gcc -c -g -O2  conftest.c >&5
configure:3678: $? = 0
configure:3694: result: yes
configure:3651: checking for stdint.h
configure:3672: gcc -c -g -O2  conftest.c >&5
configure:3678: $? = 0
configure:3694: result: yes
configure:3651: checking for unistd.h
configure:3672: gcc -c -g -O2  conftest.c >&5
configure:3678: $? = 0
configure:3694: result: yes
configure:3707: checking for stdlib.h
configure:3712: result: yes
configure:3841: checking for stdint.h
configure:3846: result: yes
configure:3984: checking tcutil.h usability
configure:4001: gcc -c -g -O2  conftest.c >&5
configure:4007: $? = 0
configure:4021: result: yes
configure:4025: checking tcutil.h presence
configure:4040: gcc -E  conftest.c
configure:4046: $? = 0
configure:4060: result: yes
configure:4088: checking for tcutil.h
configure:4095: result: yes
configure:4118: checking lua.h usability
configure:4135: gcc -c -g -O2  conftest.c >&5
configure:4141: $? = 0
configure:4155: result: yes
configure:4159: checking lua.h presence
configure:4174: gcc -E  conftest.c
configure:4180: $? = 0
configure:4194: result: yes
configure:4222: checking for lua.h
configure:4229: result: yes
configure:4411: creating ./config.status

## ---------------------- ##
## Running config.status. ##
## ---------------------- ##

This file was extended by tokyocabinet-lua config.status 1.8, which was
generated by GNU Autoconf 2.61.  Invocation command line was

  CONFIG_FILES    = 
  CONFIG_HEADERS  = 
  CONFIG_LINKS    = 
  CONFIG_COMMANDS = 
  $ ./config.status 

on StevesLaptop-7.local

config.status:583: creating Makefile

## ---------------- ##
## Cache variables. ##
## ---------------- ##

ac_cv_c_compiler_gnu=yes
ac_cv_env_CC_set=
ac_cv_env_CC_value=
ac_cv_env_CFLAGS_set=
ac_cv_env_CFLAGS_value=
ac_cv_env_CPPFLAGS_set=
ac_cv_env_CPPFLAGS_value=
ac_cv_env_CPP_set=
ac_cv_env_CPP_value=
ac_cv_env_LDFLAGS_set=
ac_cv_env_LDFLAGS_value=
ac_cv_env_LIBS_set=
ac_cv_env_LIBS_value=
ac_cv_env_build_alias_set=
ac_cv_env_build_alias_value=
ac_cv_env_host_alias_set=
ac_cv_env_host_alias_value=
ac_cv_env_target_alias_set=
ac_cv_env_target_alias_value=
ac_cv_header_inttypes_h=yes
ac_cv_header_lua_h=yes
ac_cv_header_memory_h=yes
ac_cv_header_stdc=yes
ac_cv_header_stdint_h=yes
ac_cv_header_stdlib_h=yes
ac_cv_header_string_h=yes
ac_cv_header_strings_h=yes
ac_cv_header_sys_stat_h=yes
ac_cv_header_sys_types_h=yes
ac_cv_header_tcutil_h=yes
ac_cv_header_unistd_h=yes
ac_cv_lib_bz2_main=yes
ac_cv_lib_c_main=yes
ac_cv_lib_m_main=yes
ac_cv_lib_pthread_main=yes
ac_cv_lib_tokyocabinet_main=yes
ac_cv_lib_z_main=yes
ac_cv_objext=o
ac_cv_path_EGREP='/usr/bin/grep -E'
ac_cv_path_GREP=/usr/bin/grep
ac_cv_prog_CPP='gcc -E'
ac_cv_prog_ac_ct_CC=gcc
ac_cv_prog_cc_c89=
ac_cv_prog_cc_g=yes

## ----------------- ##
## Output variables. ##
## ----------------- ##

CC='gcc'
CFLAGS='-g -O2'
CPP='gcc -E'
CPPFLAGS=''
DEFS='-DPACKAGE_NAME=\"tokyocabinet-lua\" -DPACKAGE_TARNAME=\"tokyocabinet-lua\" -DPACKAGE_VERSION=\"1.8\" -DPACKAGE_STRING=\"tokyocabinet-lua\ 1.8\" -DPACKAGE_BUGREPORT=\"\" -DHAVE_LIBC=1 -DHAVE_LIBM=1 -DHAVE_LIBPTHREAD=1 -DHAVE_LIBZ=1 -DHAVE_LIBBZ2=1 -DHAVE_LIBTOKYOCABINET=1 -DSTDC_HEADERS=1 -DHAVE_SYS_TYPES_H=1 -DHAVE_SYS_STAT_H=1 -DHAVE_STDLIB_H=1 -DHAVE_STRING_H=1 -DHAVE_MEMORY_H=1 -DHAVE_STRINGS_H=1 -DHAVE_INTTYPES_H=1 -DHAVE_STDINT_H=1 -DHAVE_UNISTD_H=1'
ECHO_C='ECHO_N=''
ECHO_T=''
EGREP='/usr/bin/grep -E'
EXEEXT=''
GREP='/usr/bin/grep'
LDFLAGS=''
LIBOBJS=''
LIBS='-ltokyocabinet -lbz2 -lz -lpthread -lm -lc '
LTLIBOBJS=''
MYCFLAGS='-std=c99 -Wall -fPIC -fsigned-char -O2'
MYCOMMANDFILES='tcutest.lua tchtest.lua tcbtest.lua tcftest.lua'
MYCPPFLAGS='-I. -I$(INCLUDEDIR) -L/Users/steve/include -L/usr/local/include -DNDEBUG -D_GNU_SOURCE=1 -I/usr/include/lua5.1 -I/usr/local/include/lua5.1 -I/usr/include/lua -I/usr/local/include/lua -D_MYLUA'
MYLDFLAGS='-L. -L$(LIBDIR) -L/Users/steve/lib -L/usr/local/lib -L/usr/include/lua5.1 -L/usr/local/include/lua5.1 -L/usr/include/lua -L/usr/local/include/lua'
MYLDLIBPATHENV='DYLD_LIBRARY_PATH'
MYLIBOBJFILES='tokyocabinet.o'
MYLIBRARYFILES=' tokyocabinet.dylib'
MYLUALIBDIR='/usr/local/lib/lua/5.1'
MYRUNPATH='$(LIBDIR):/usr/local/lib'
OBJEXT='o'
PACKAGE_BUGREPORT=''
PACKAGE_NAME='tokyocabinet-lua'
PACKAGE_STRING='tokyocabinet-lua 1.8'
PACKAGE_TARNAME='tokyocabinet-lua'
PACKAGE_VERSION='1.8'
PATH_SEPARATOR=':'
SHELL='/bin/sh'
ac_ct_CC='gcc'
bindir='${exec_prefix}/bin'
build_alias=''
datadir='${datarootdir}'
datarootdir='${prefix}/share'
docdir='${datarootdir}/doc/${PACKAGE_TARNAME}'
dvidir='${docdir}'
exec_prefix='${prefix}'
host_alias=''
htmldir='${docdir}'
includedir='${prefix}/include'
infodir='${datarootdir}/info'
libdir='${exec_prefix}/lib'
libexecdir='${exec_prefix}/libexec'
localedir='${datarootdir}/locale'
localstatedir='${prefix}/var'
mandir='${datarootdir}/man'
oldincludedir='/usr/include'
pdfdir='${docdir}'
prefix='/usr/local'
program_transform_name='s,x,x,'
psdir='${docdir}'
sbindir='${exec_prefix}/sbin'
sharedstatedir='${prefix}/com'
sysconfdir='${prefix}/etc'
target_alias=''

## ----------- ##
## confdefs.h. ##
## ----------- ##

#define PACKAGE_NAME "tokyocabinet-lua"
#define PACKAGE_TARNAME "tokyocabinet-lua"
#define PACKAGE_VERSION "1.8"
#define PACKAGE_STRING "tokyocabinet-lua 1.8"
#define PACKAGE_BUGREPORT ""
#define HAVE_LIBC 1
#define HAVE_LIBM 1
#define HAVE_LIBPTHREAD 1
#define HAVE_LIBZ 1
#define HAVE_LIBBZ2 1
#define HAVE_LIBTOKYOCABINET 1
#define STDC_HEADERS 1
#define HAVE_SYS_TYPES_H 1
#define HAVE_SYS_STAT_H 1
#define HAVE_STDLIB_H 1
#define HAVE_STRING_H 1
#define HAVE_MEMORY_H 1
#define HAVE_STRINGS_H 1
#define HAVE_INTTYPES_H 1
#define HAVE_STDINT_H 1
#define HAVE_UNISTD_H 1

configure: exit 0
